<?xml version="1.0" encoding="UTF-8"?>
<!-- Generated by org.testng.reporters.JUnitXMLReporter -->
<testsuite ignored="0" hostname="HemuPC" failures="0" tests="3" name="Default test" time="13.661" errors="0" timestamp="2024-01-15T23:41:36 IST">
  <testcase classname="package1.ChromeTestWithWebDriverManager" name="checkTheUrl" time="3.632"/>
  <testcase classname="package1.ChromeTestWithWebDriverManager" name="checkTheUrl2" time="1.349"/>
  <testcase classname="package1.ChromeTestWithWebDriverManager" name="checkTheUrl3" time="1.821"/>
</testsuite> <!-- Default test -->
